C51 COMPILER V9.54   AVOID                                                                 09/03/2022 14:13:44 PAGE 1   


C51 COMPILER V9.54, COMPILATION OF MODULE AVOID
OBJECT MODULE PLACED IN .\Objects\avoid.obj
COMPILER INVOKED BY: D:\51\keil5\C51\BIN\C51.EXE avoid.c OPTIMIZE(8,SPEED) BROWSE DEBUG OBJECTEXTEND PRINT(.\Listings\av
                    -oid.lst) TABS(2) OBJECT(.\Objects\avoid.obj)

line level    source

   1          #include <REGX52.H>
   2          #include "move.h"
   3          #include "IR.h"
   4          #include "Delay.h"
   5          sbit liftavoid=P3^4;
   6          sbit rightavoid=P3^5;
   7          unsigned char avoid()
   8          {
   9   1        //unsigned char flag1=0,flag2=0;
  10   1        unsigned char num=1;
  11   1        static unsigned char key=1;
  12   1        static unsigned char command;
  13   1        if(IR_GetDataFlag())
  14   1        {
  15   2          command=IR_GetCommand();
  16   2          if(command==stop)
  17   2          {
  18   3            
  19   3            if(key==1)
  20   3            {
  21   4              
  22   4              move(5,0);
  23   4              key=0;
  24   4            }
  25   3            else 
  26   3            {
  27   4              key=1;
  28   4            }
  29   3          }
  30   2          if(command==EQ)
  31   2          {
  32   3            num=0;
  33   3            key=1;//退出状态重置
  34   3          }
  35   2        }
  36   1        if(key==1)
  37   1        {
  38   2          if(liftavoid==0&&rightavoid==0)//两边有杂物
  39   2          {
  40   3            move(5,0);
  41   3          }
  42   2          else
  43   2          {
  44   3            if(liftavoid==0)//左有杂物要右转
  45   3            {
  46   4              move(4,50);
  47   4            }
  48   3            if(rightavoid==0) //右有杂物要左转
  49   3            {
  50   4              move(3,50);
  51   4            }
  52   3            if(liftavoid==1&&rightavoid==1)//两边无杂物
  53   3            {
  54   4              move(1,70);
C51 COMPILER V9.54   AVOID                                                                 09/03/2022 14:13:44 PAGE 2   

  55   4            }
  56   3          }
  57   2        }
  58   1        else
  59   1        {
  60   2          move(5,0);
  61   2        }
  62   1        return num;
  63   1      }


MODULE INFORMATION:   STATIC OVERLAYABLE
   CODE SIZE        =    106    ----
   CONSTANT SIZE    =   ----    ----
   XDATA SIZE       =   ----    ----
   PDATA SIZE       =   ----    ----
   DATA SIZE        =      2       1
   IDATA SIZE       =   ----    ----
   BIT SIZE         =   ----    ----
END OF MODULE INFORMATION.


C51 COMPILATION COMPLETE.  0 WARNING(S),  0 ERROR(S)
