C51 COMPILER V9.54   INT1                                                                  09/03/2022 10:42:21 PAGE 1   


C51 COMPILER V9.54, COMPILATION OF MODULE INT1
OBJECT MODULE PLACED IN .\Objects\Int1.obj
COMPILER INVOKED BY: D:\51\keil5\C51\BIN\C51.EXE Int1.c OPTIMIZE(8,SPEED) BROWSE DEBUG OBJECTEXTEND PRINT(.\Listings\Int
                    -1.lst) TABS(2) OBJECT(.\Objects\Int1.obj)

line level    source

   1          #include <REGX52.H>
   2          void Int1_Init()
   3          {
   4   1        IT1=1;
   5   1        IE1=0;
   6   1        EX1=1;
   7   1        EA=1;
   8   1        PX1=1;
   9   1      }
  10          /*void Int1_Routine(void) interrupt 2
  11          {
  12            P0=0x00;
  13          }*/


MODULE INFORMATION:   STATIC OVERLAYABLE
   CODE SIZE        =     11    ----
   CONSTANT SIZE    =   ----    ----
   XDATA SIZE       =   ----    ----
   PDATA SIZE       =   ----    ----
   DATA SIZE        =   ----    ----
   IDATA SIZE       =   ----    ----
   BIT SIZE         =   ----    ----
END OF MODULE INFORMATION.


C51 COMPILATION COMPLETE.  0 WARNING(S),  0 ERROR(S)
