C51 COMPILER V9.54   LED                                                                   09/03/2022 14:13:44 PAGE 1   


C51 COMPILER V9.54, COMPILATION OF MODULE LED
OBJECT MODULE PLACED IN .\Objects\LED.obj
COMPILER INVOKED BY: D:\51\keil5\C51\BIN\C51.EXE LED.c OPTIMIZE(8,SPEED) BROWSE DEBUG OBJECTEXTEND PRINT(.\Listings\LED.
                    -lst) TABS(2) OBJECT(.\Objects\LED.obj)

line level    source

   1          #include <REGX52.H>
   2          void LED(unsigned int number)
   3          {
   4   1        switch(number)
   5   1        {
   6   2          case 0://启动
   7   2          {
   8   3            P0=0xFF;
   9   3            
  10   3            P0_2=0;
  11   3            P0_3=0;
  12   3            P0_4=0;
  13   3            P0_5=0;
  14   3            P0_6=0;
  15   3            P0_7=0;
  16   3            
  17   3            break;
  18   3          } 
  19   2          case 1://模式1
  20   2          {
  21   3            P0=0xFF;
  22   3            
  23   3            P0_5=0;
  24   3            P0_6=0;
  25   3            
  26   3            break;
  27   3          } 
  28   2          case 2://模式2
  29   2          {
  30   3            P0=0xFF;
  31   3            
  32   3            P0_1=0;
  33   3            P0_3=0;
  34   3            P0_4=0;
  35   3            P0_6=0;
  36   3            P0_7=0;
  37   3            
  38   3      
  39   3            break;
  40   3          } 
  41   2          case 3://模式3
  42   2          {
  43   3            P0=0xFF;
  44   3            
  45   3            P0_1=0;
  46   3            P0_4=0;
  47   3            P0_5=0;
  48   3            P0_6=0;
  49   3            P0_7=0;
  50   3            break;
  51   3          } 
  52   2          case 4://模式3
  53   2          {
  54   3            P0=0xFF;
C51 COMPILER V9.54   LED                                                                   09/03/2022 14:13:44 PAGE 2   

  55   3            
  56   3            P0_1=0;
  57   3            P0_2=0;
  58   3            P0_5=0;
  59   3            P0_6=0;
  60   3            break;
  61   3          } 
  62   2          case 5://模式4
  63   2          {
  64   3            P0=0xFF;
  65   3            
  66   3            P0_1=0;
  67   3            P0_2=0;
  68   3            P0_4=0;
  69   3            P0_5=0;
  70   3            P0_7=0;
  71   3            break;
  72   3          } 
  73   2          default:
  74   2            break;
  75   2        }
  76   1      }


MODULE INFORMATION:   STATIC OVERLAYABLE
   CODE SIZE        =     88    ----
   CONSTANT SIZE    =   ----    ----
   XDATA SIZE       =   ----    ----
   PDATA SIZE       =   ----    ----
   DATA SIZE        =   ----    ----
   IDATA SIZE       =   ----    ----
   BIT SIZE         =   ----    ----
END OF MODULE INFORMATION.


C51 COMPILATION COMPLETE.  0 WARNING(S),  0 ERROR(S)
