C51 COMPILER V9.54   NEWTIMER0                                                             07/02/2022 16:10:19 PAGE 1   


C51 COMPILER V9.54, COMPILATION OF MODULE NEWTIMER0
OBJECT MODULE PLACED IN .\Objects\newTimer0.obj
COMPILER INVOKED BY: D:\51\keil5\C51\BIN\C51.EXE newTimer0.c OPTIMIZE(8,SPEED) BROWSE DEBUG OBJECTEXTEND PRINT(.\Listing
                    -s\newTimer0.lst) TABS(2) OBJECT(.\Objects\newTimer0.obj)

line level    source

   1          #include <REGX52.H>
   2          void newTimer0_Init()//定时器1
   3          {
   4   1        TMOD &= 0x0F;   //外部中断
   5   1        TMOD |= 0x10;   
   6   1        TL0 = 0;    
   7   1        TH0 = 0;    
   8   1        TF0 = 0;    
   9   1        TR0 = 0;    
  10   1      }
  11          
  12          void newTimer0_SetCounter(unsigned int Value)
  13          {
  14   1        TH0=Value/256;
  15   1        TL0=Value%256;
  16   1      }
  17          
  18          unsigned int newTimer0_GetCounter()
  19          {
  20   1        return (TH0<<8)|TL0;
  21   1      }
  22          
  23          
  24          void newTimer0_Run(unsigned char Flag)
  25          {
  26   1        TR0=Flag;
  27   1      }
  28          


MODULE INFORMATION:   STATIC OVERLAYABLE
   CODE SIZE        =     42    ----
   CONSTANT SIZE    =   ----    ----
   XDATA SIZE       =   ----    ----
   PDATA SIZE       =   ----    ----
   DATA SIZE        =   ----    ----
   IDATA SIZE       =   ----    ----
   BIT SIZE         =   ----    ----
END OF MODULE INFORMATION.


C51 COMPILATION COMPLETE.  0 WARNING(S),  0 ERROR(S)
