C51 COMPILER V9.54   TIMER1                                                                09/03/2022 10:42:21 PAGE 1   


C51 COMPILER V9.54, COMPILATION OF MODULE TIMER1
OBJECT MODULE PLACED IN .\Objects\Timer1.obj
COMPILER INVOKED BY: D:\51\keil5\C51\BIN\C51.EXE Timer1.c OPTIMIZE(8,SPEED) BROWSE DEBUG OBJECTEXTEND PRINT(.\Listings\T
                    -imer1.lst) TABS(2) OBJECT(.\Objects\Timer1.obj)

line level    source

   1          #include <REGX52.H>
   2          
   3          void Timer1_Init(void)
   4          {
   5   1        TMOD &= 0x0F;   
   6   1        TMOD |= 0x10;   
   7   1        TL1 = 0;    
   8   1        TH1 = 0;    
   9   1        TF1 = 0;    
  10   1        TR1 = 0;    
  11   1      }
  12          void Timer1_SetCounter(unsigned int Value)
  13          {
  14   1        TH1=Value/256;
  15   1        TL1=Value%256;
  16   1      }
  17          
  18          unsigned int Timer1_GetCounter(void)
  19          {
  20   1        return (TH1<<8)|TL1;//16进制,用int接收就化为int数字
  21   1      }
  22          
  23          void Timer1_Run(unsigned char Flag)
  24          {
  25   1        TR1=Flag;
  26   1      }


MODULE INFORMATION:   STATIC OVERLAYABLE
   CODE SIZE        =     42    ----
   CONSTANT SIZE    =   ----    ----
   XDATA SIZE       =   ----    ----
   PDATA SIZE       =   ----    ----
   DATA SIZE        =   ----    ----
   IDATA SIZE       =   ----    ----
   BIT SIZE         =   ----    ----
END OF MODULE INFORMATION.


C51 COMPILATION COMPLETE.  0 WARNING(S),  0 ERROR(S)
