C51 COMPILER V9.54   TIMER2                                                                09/03/2022 10:42:21 PAGE 1   


C51 COMPILER V9.54, COMPILATION OF MODULE TIMER2
OBJECT MODULE PLACED IN .\Objects\Timer2.obj
COMPILER INVOKED BY: D:\51\keil5\C51\BIN\C51.EXE Timer2.c OPTIMIZE(8,SPEED) BROWSE DEBUG OBJECTEXTEND PRINT(.\Listings\T
                    -imer2.lst) TABS(2) OBJECT(.\Objects\Timer2.obj)

line level    source

   1          #include <REGX52.H>
   2          void Timer2_Init()//定时器二
   3          {
   4   1        T2MOD = 0;  //初始化模式寄存器
   5   1        T2CON = 0;  //初始化控制寄存器
   6   1        TL2 = 0;  //设置定时初值
   7   1        TH2 = 0;  //设置定时初值
   8   1        ET2=1;
   9   1        EA=1;
  10   1        PT2=0;
  11   1        TR2=0;
  12   1      }


MODULE INFORMATION:   STATIC OVERLAYABLE
   CODE SIZE        =     18    ----
   CONSTANT SIZE    =   ----    ----
   XDATA SIZE       =   ----    ----
   PDATA SIZE       =   ----    ----
   DATA SIZE        =   ----    ----
   IDATA SIZE       =   ----    ----
   BIT SIZE         =   ----    ----
END OF MODULE INFORMATION.


C51 COMPILATION COMPLETE.  0 WARNING(S),  0 ERROR(S)
