C51 COMPILER V9.54   TIMER0                                                                06/28/2022 20:12:34 PAGE 1   


C51 COMPILER V9.54, COMPILATION OF MODULE TIMER0
OBJECT MODULE PLACED IN .\Objects\Timer0.obj
COMPILER INVOKED BY: D:\51\keil5\C51\BIN\C51.EXE Timer0.c OPTIMIZE(8,SPEED) BROWSE DEBUG OBJECTEXTEND PRINT(.\Listings\T
                    -imer0.lst) TABS(2) OBJECT(.\Objects\Timer0.obj)

line level    source

   1          #include <REGX52.H>
   2          /**
   3          *   @brief 定时器0初始化
   4          *   @param  无
   5          *   @return 无
   6          *   @author your name
   7          */
   8          
   9          void Timer0Init(void) //0.1毫秒定时器  
  10          {
  11   1        TMOD &= 0xF0;   //模式选择
  12   1        TMOD |= 0x01;   
  13   1        TL0 = 0x9C;   //初值
  14   1        TH0 = 0xFF;   //末值
  15   1        TF0 = 0;    
  16   1        TR0 = 1;//定时器0开启
  17   1        ET0=1;//中断
  18   1        EA=1;
  19   1        PT0=0;
  20   1      }
  21          
  22          
  23          /*定时器中断函数
  24          void Timer0_Routine() interrupt 1
  25          {
  26            static unsigned int T0Count;
  27            TL0=0x66;
  28            TH0=0xFC;
  29            T0Count++;
  30            if(T0Count>=0)
  31            {
  32              T0Count=0;
  33            }
  34            
  35          }*/
  36          
  37          
  38          
  39          
  40          
  41          


MODULE INFORMATION:   STATIC OVERLAYABLE
   CODE SIZE        =     23    ----
   CONSTANT SIZE    =   ----    ----
   XDATA SIZE       =   ----    ----
   PDATA SIZE       =   ----    ----
   DATA SIZE        =   ----    ----
   IDATA SIZE       =   ----    ----
   BIT SIZE         =   ----    ----
END OF MODULE INFORMATION.


C51 COMPILATION COMPLETE.  0 WARNING(S),  0 ERROR(S)
