C51 COMPILER V9.60.0.0   DELAY                                                             07/21/2022 11:53:55 PAGE 1   


C51 COMPILER V9.60.0.0, COMPILATION OF MODULE DELAY
OBJECT MODULE PLACED IN .\Objects\Delay.obj
COMPILER INVOKED BY: F:\系统默认\桌面\51\keil5\C51\BIN\C51.EXE Delay.c OPTIMIZE(8,SPEED) BROWSE DEBUG OBJECTEXTEND PRINT
                    -(.\Listings\Delay.lst) TABS(2) OBJECT(.\Objects\Delay.obj)

line level    source

   1          #include <REGX52.H>
   2          #include <INTRINS.H>
   3          void Delay(unsigned int xms)//0.1ms
   4          {
   5   1        unsigned char i, j;
   6   1      
   7   1        while(xms)
   8   1        {
   9   2          _nop_();
  10   2          i = 43;
  11   2          while (--i);
  12   2          xms--;
  13   2        }
  14   1        
  15   1      }
*** WARNING C280 IN LINE 5 OF Delay.c: 'j': unreferenced local variable
  16          
  17          


MODULE INFORMATION:   STATIC OVERLAYABLE
   CODE SIZE        =     17    ----
   CONSTANT SIZE    =   ----    ----
   XDATA SIZE       =   ----    ----
   PDATA SIZE       =   ----    ----
   DATA SIZE        =   ----       1
   IDATA SIZE       =   ----    ----
   BIT SIZE         =   ----    ----
END OF MODULE INFORMATION.


C51 COMPILATION COMPLETE.  1 WARNING(S),  0 ERROR(S)
