C51 COMPILER V9.60.0.0   INT0                                                              07/21/2022 11:53:56 PAGE 1   


C51 COMPILER V9.60.0.0, COMPILATION OF MODULE INT0
OBJECT MODULE PLACED IN .\Objects\Int0.obj
COMPILER INVOKED BY: F:\系统默认\桌面\51\keil5\C51\BIN\C51.EXE Int0.c OPTIMIZE(8,SPEED) BROWSE DEBUG OBJECTEXTEND PRINT(
                    -.\Listings\Int0.lst) TABS(2) OBJECT(.\Objects\Int0.obj)

line level    source

   1          #include <REGX52.H>
   2          void Int0_Init()
   3          {
   4   1        IT0=0;
   5   1        IE0=0;
   6   1        EX0=1;
   7   1        EA=1;
   8   1        PX0=1;
   9   1      }
  10          /*void Int0_Routine(void) interrupt 0
  11          {
  12            P0=0x00;
  13          }*/


MODULE INFORMATION:   STATIC OVERLAYABLE
   CODE SIZE        =     11    ----
   CONSTANT SIZE    =   ----    ----
   XDATA SIZE       =   ----    ----
   PDATA SIZE       =   ----    ----
   DATA SIZE        =   ----    ----
   IDATA SIZE       =   ----    ----
   BIT SIZE         =   ----    ----
END OF MODULE INFORMATION.


C51 COMPILATION COMPLETE.  0 WARNING(S),  0 ERROR(S)
