C51 COMPILER V9.60.0.0   MOVE                                                              07/21/2022 12:03:43 PAGE 1   


C51 COMPILER V9.60.0.0, COMPILATION OF MODULE MOVE
OBJECT MODULE PLACED IN .\Objects\move.obj
COMPILER INVOKED BY: F:\系统默认\桌面\51\keil5\C51\BIN\C51.EXE move.c OPTIMIZE(8,SPEED) BROWSE DEBUG OBJECTEXTEND PRINT(
                    -.\Listings\move.lst) TABS(2) OBJECT(.\Objects\move.obj)

line level    source

   1          #include <REGX52.H>
   2          #include <INTRINS.H>
   3          #include "Delay.h"
   4          #include "Delay10us.h"
   5          sbit IN1=P1^2;
   6          sbit IN2=P1^3;
   7          sbit IN3=P1^4;
   8          sbit IN4=P1^5;
   9          void move(unsigned char keynum,unsigned char dutycycle)
  10          {
  11   1        switch(keynum)
  12   1        {
  13   2          case 1:
  14   2          {
  15   3            IN1=1;//杩
  16   3            IN2=0;
  17   3            IN3=1;
  18   3            IN4=0;
  19   3            Delay10us(dutycycle);
  20   3            break;
  21   3          }
  22   2            
  23   2          case 2:
  24   2          {
  25   3            IN1=0;//
  26   3            IN2=1;
  27   3            IN3=0;
  28   3            IN4=1;
  29   3            Delay10us(dutycycle);
  30   3            break;
  31   3          }
  32   2          case 3:
  33   2          {
  34   3            IN1=0;//宸杞
  35   3            IN2=1;
  36   3            IN3=1;
  37   3            IN4=0;
  38   3            Delay10us(dutycycle);
  39   3            break;
  40   3          }
  41   2            
  42   2          case 4:
  43   2          {
  44   3            IN1=1;//宠浆
  45   3            IN2=0;
  46   3            IN3=0;
  47   3            IN4=1;
  48   3            Delay10us(dutycycle);
  49   3            break;
  50   3          }
  51   2          case 5:
  52   2          {
  53   3            IN1=0;//姝
  54   3            IN2=0;
C51 COMPILER V9.60.0.0   MOVE                                                              07/21/2022 12:03:43 PAGE 2   

  55   3            IN3=0;
  56   3            IN4=0;
  57   3            break;
  58   3          } 
  59   2          default:
  60   2            break;
  61   2        }
  62   1        IN1=0;//姝
  63   1        IN2=0;
  64   1        IN3=0;
  65   1        IN4=0;
  66   1        Delay10us(100-dutycycle);
  67   1      }


MODULE INFORMATION:   STATIC OVERLAYABLE
   CODE SIZE        =     82    ----
   CONSTANT SIZE    =   ----    ----
   XDATA SIZE       =   ----    ----
   PDATA SIZE       =   ----    ----
   DATA SIZE        =   ----       1
   IDATA SIZE       =   ----    ----
   BIT SIZE         =   ----    ----
END OF MODULE INFORMATION.


C51 COMPILATION COMPLETE.  0 WARNING(S),  0 ERROR(S)
